2021-05-15 14:47:36.804  INFO 17216 --- [main] o.OpticalConstantsApplication            : Starting OpticalConstantsApplication using Java 12.0.1 on DESKTOP-ESS7M2O with PID 17216 (D:\IdeaProject\OpticalConstants\target\classes started by andri in D:\IdeaProject\OpticalConstants)
2021-05-15 14:47:36.808 DEBUG 17216 --- [main] o.OpticalConstantsApplication            : Running with Spring Boot v2.4.4, Spring v5.3.5
2021-05-15 14:47:36.809  INFO 17216 --- [main] o.OpticalConstantsApplication            : No active profile set, falling back to default profiles: default
2021-05-15 14:47:38.318  INFO 17216 --- [main] o.s.b.w.embedded.tomcat.TomcatWebServer  : Tomcat initialized with port(s): 8080 (http)
2021-05-15 14:47:38.331  INFO 17216 --- [main] o.apache.catalina.core.StandardService   : Starting service [Tomcat]
2021-05-15 14:47:38.332  INFO 17216 --- [main] org.apache.catalina.core.StandardEngine  : Starting Servlet engine: [Apache Tomcat/9.0.44]
2021-05-15 14:47:38.430  INFO 17216 --- [main] o.a.c.c.C.[Tomcat].[localhost].[/]       : Initializing Spring embedded WebApplicationContext
2021-05-15 14:47:38.430  INFO 17216 --- [main] w.s.c.ServletWebServerApplicationContext : Root WebApplicationContext: initialization completed in 1535 ms
2021-05-15 14:47:38.701  INFO 17216 --- [main] o.s.s.concurrent.ThreadPoolTaskExecutor  : Initializing ExecutorService 'applicationTaskExecutor'
2021-05-15 14:47:38.789 DEBUG 17216 --- [main] _.s.web.servlet.HandlerMapping.Mappings  : 
	o.c.CalculationController:
	{POST [/calculate]}: calculate(CalculationInput)
2021-05-15 14:47:38.797 DEBUG 17216 --- [main] _.s.web.servlet.HandlerMapping.Mappings  : 
	o.s.b.a.w.s.e.BasicErrorController:
	{ [/error]}: error(HttpServletRequest)
	{ [/error], produces [text/html]}: errorHtml(HttpServletRequest,HttpServletResponse)
2021-05-15 14:47:38.803  INFO 17216 --- [main] o.s.b.a.w.s.WelcomePageHandlerMapping    : Adding welcome page: class path resource [static/index.html]
2021-05-15 14:47:38.821 DEBUG 17216 --- [main] _.s.web.servlet.HandlerMapping.Mappings  : 'beanNameHandlerMapping' {}
2021-05-15 14:47:38.845 DEBUG 17216 --- [main] _.s.web.servlet.HandlerMapping.Mappings  : 'resourceHandlerMapping' {/webjars/**=ResourceHttpRequestHandler [Classpath [META-INF/resources/webjars/]], /**=ResourceHttpRequestHandler [Classpath [META-INF/resources/], Classpath [resources/], Classpath [static/], Classpath [public/], ServletContext [/]]}
2021-05-15 14:47:38.937  WARN 17216 --- [main] ConfigServletWebServerApplicationContext : Exception encountered during context initialization - cancelling refresh attempt: org.springframework.context.ApplicationContextException: Failed to start bean 'webServerStartStop'; nested exception is org.springframework.boot.web.server.PortInUseException: Port 8080 is already in use
2021-05-15 14:47:38.938  INFO 17216 --- [main] o.s.s.concurrent.ThreadPoolTaskExecutor  : Shutting down ExecutorService 'applicationTaskExecutor'
2021-05-15 14:47:38.943  INFO 17216 --- [main] o.apache.catalina.core.StandardService   : Stopping service [Tomcat]
2021-05-15 14:47:38.998  INFO 17216 --- [main] ConditionEvaluationReportLoggingListener : 

Error starting ApplicationContext. To display the conditions report re-run your application with 'debug' enabled.
2021-05-15 14:47:39.028 ERROR 17216 --- [main] o.s.b.d.LoggingFailureAnalysisReporter   : 

***************************
APPLICATION FAILED TO START
***************************

Description:

Web server failed to start. Port 8080 was already in use.

Action:

Identify and stop the process that's listening on port 8080 or configure this application to listen on another port.

2021-05-15 15:09:50.157  INFO 10852 --- [main] o.OpticalConstantsApplication            : Starting OpticalConstantsApplication using Java 12.0.1 on DESKTOP-ESS7M2O with PID 10852 (D:\IdeaProject\OpticalConstants\target\classes started by andri in D:\IdeaProject\OpticalConstants)
2021-05-15 15:09:50.168 DEBUG 10852 --- [main] o.OpticalConstantsApplication            : Running with Spring Boot v2.4.4, Spring v5.3.5
2021-05-15 15:09:50.187  INFO 10852 --- [main] o.OpticalConstantsApplication            : No active profile set, falling back to default profiles: default
2021-05-15 15:09:53.316  INFO 10852 --- [main] o.s.b.w.embedded.tomcat.TomcatWebServer  : Tomcat initialized with port(s): 8080 (http)
2021-05-15 15:09:53.343  INFO 10852 --- [main] o.apache.catalina.core.StandardService   : Starting service [Tomcat]
2021-05-15 15:09:53.344  INFO 10852 --- [main] org.apache.catalina.core.StandardEngine  : Starting Servlet engine: [Apache Tomcat/9.0.44]
2021-05-15 15:09:53.550  INFO 10852 --- [main] o.a.c.c.C.[Tomcat].[localhost].[/]       : Initializing Spring embedded WebApplicationContext
2021-05-15 15:09:53.551  INFO 10852 --- [main] w.s.c.ServletWebServerApplicationContext : Root WebApplicationContext: initialization completed in 3131 ms
2021-05-15 15:09:54.074  INFO 10852 --- [main] o.s.s.concurrent.ThreadPoolTaskExecutor  : Initializing ExecutorService 'applicationTaskExecutor'
2021-05-15 15:09:54.491 DEBUG 10852 --- [main] _.s.web.servlet.HandlerMapping.Mappings  : 
	o.c.CalculationController:
	{POST [/calculate]}: calculate(CalculationInput)
2021-05-15 15:09:54.534 DEBUG 10852 --- [main] _.s.web.servlet.HandlerMapping.Mappings  : 
	o.s.b.a.w.s.e.BasicErrorController:
	{ [/error]}: error(HttpServletRequest)
	{ [/error], produces [text/html]}: errorHtml(HttpServletRequest,HttpServletResponse)
2021-05-15 15:09:54.577  INFO 10852 --- [main] o.s.b.a.w.s.WelcomePageHandlerMapping    : Adding welcome page: class path resource [static/index.html]
2021-05-15 15:09:54.649 DEBUG 10852 --- [main] _.s.web.servlet.HandlerMapping.Mappings  : 'beanNameHandlerMapping' {}
2021-05-15 15:09:54.814 DEBUG 10852 --- [main] _.s.web.servlet.HandlerMapping.Mappings  : 'resourceHandlerMapping' {/webjars/**=ResourceHttpRequestHandler [Classpath [META-INF/resources/webjars/]], /**=ResourceHttpRequestHandler [Classpath [META-INF/resources/], Classpath [resources/], Classpath [static/], Classpath [public/], ServletContext [/]]}
2021-05-15 15:09:55.136  WARN 10852 --- [main] ConfigServletWebServerApplicationContext : Exception encountered during context initialization - cancelling refresh attempt: org.springframework.context.ApplicationContextException: Failed to start bean 'webServerStartStop'; nested exception is org.springframework.boot.web.server.PortInUseException: Port 8080 is already in use
2021-05-15 15:09:55.139  INFO 10852 --- [main] o.s.s.concurrent.ThreadPoolTaskExecutor  : Shutting down ExecutorService 'applicationTaskExecutor'
2021-05-15 15:09:55.157  INFO 10852 --- [main] o.apache.catalina.core.StandardService   : Stopping service [Tomcat]
2021-05-15 15:09:55.232  INFO 10852 --- [main] ConditionEvaluationReportLoggingListener : 

Error starting ApplicationContext. To display the conditions report re-run your application with 'debug' enabled.
2021-05-15 15:09:55.295 ERROR 10852 --- [main] o.s.b.d.LoggingFailureAnalysisReporter   : 

***************************
APPLICATION FAILED TO START
***************************

Description:

Web server failed to start. Port 8080 was already in use.

Action:

Identify and stop the process that's listening on port 8080 or configure this application to listen on another port.

