2021-04-23 10:51:07.936  INFO 11736 --- [main] o.OpticalConstantsApplication            : Starting OpticalConstantsApplication using Java 12.0.1 on DESKTOP-ESS7M2O with PID 11736 (D:\IdeaProject\OpticalConstants\target\classes started by andri in D:\IdeaProject\OpticalConstants)
2021-04-23 10:51:07.959 DEBUG 11736 --- [main] o.OpticalConstantsApplication            : Running with Spring Boot v2.4.4, Spring v5.3.5
2021-04-23 10:51:07.964  INFO 11736 --- [main] o.OpticalConstantsApplication            : No active profile set, falling back to default profiles: default
2021-04-23 10:51:12.584  INFO 11736 --- [main] o.s.b.w.embedded.tomcat.TomcatWebServer  : Tomcat initialized with port(s): 8080 (http)
2021-04-23 10:51:12.697  INFO 11736 --- [main] o.apache.catalina.core.StandardService   : Starting service [Tomcat]
2021-04-23 10:51:12.698  INFO 11736 --- [main] org.apache.catalina.core.StandardEngine  : Starting Servlet engine: [Apache Tomcat/9.0.44]
2021-04-23 10:51:13.227  INFO 11736 --- [main] o.a.c.c.C.[Tomcat].[localhost].[/]       : Initializing Spring embedded WebApplicationContext
2021-04-23 10:51:13.229  INFO 11736 --- [main] w.s.c.ServletWebServerApplicationContext : Root WebApplicationContext: initialization completed in 5030 ms
2021-04-23 10:51:14.349  INFO 11736 --- [main] o.s.s.concurrent.ThreadPoolTaskExecutor  : Initializing ExecutorService 'applicationTaskExecutor'
2021-04-23 10:51:14.771 DEBUG 11736 --- [main] _.s.web.servlet.HandlerMapping.Mappings  : 
	o.c.CalculationController:
	{POST [/calculate]}: calculate(CalculationInput)
2021-04-23 10:51:14.795 DEBUG 11736 --- [main] _.s.web.servlet.HandlerMapping.Mappings  : 
	o.s.b.a.w.s.e.BasicErrorController:
	{ [/error]}: error(HttpServletRequest)
	{ [/error], produces [text/html]}: errorHtml(HttpServletRequest,HttpServletResponse)
2021-04-23 10:51:14.806  INFO 11736 --- [main] o.s.b.a.w.s.WelcomePageHandlerMapping    : Adding welcome page: class path resource [static/index.html]
2021-04-23 10:51:14.873 DEBUG 11736 --- [main] _.s.web.servlet.HandlerMapping.Mappings  : 'beanNameHandlerMapping' {}
2021-04-23 10:51:14.956 DEBUG 11736 --- [main] _.s.web.servlet.HandlerMapping.Mappings  : 'resourceHandlerMapping' {/webjars/**=ResourceHttpRequestHandler [Classpath [META-INF/resources/webjars/]], /**=ResourceHttpRequestHandler [Classpath [META-INF/resources/], Classpath [resources/], Classpath [static/], Classpath [public/], ServletContext [/]]}
2021-04-23 10:51:15.343  INFO 11736 --- [main] o.s.b.w.embedded.tomcat.TomcatWebServer  : Tomcat started on port(s): 8080 (http) with context path ''
2021-04-23 10:51:15.392  INFO 11736 --- [main] o.OpticalConstantsApplication            : Started OpticalConstantsApplication in 8.68 seconds (JVM running for 12.265)
2021-04-23 10:51:31.838  INFO 11736 --- [http-nio-8080-exec-1] o.a.c.c.C.[Tomcat].[localhost].[/]       : Initializing Spring DispatcherServlet 'dispatcherServlet'
2021-04-23 10:51:31.839  INFO 11736 --- [http-nio-8080-exec-1] o.s.web.servlet.DispatcherServlet        : Initializing Servlet 'dispatcherServlet'
2021-04-23 10:51:31.841  INFO 11736 --- [http-nio-8080-exec-1] o.s.web.servlet.DispatcherServlet        : Completed initialization in 1 ms
2021-04-23 10:57:48.204  INFO 11736 --- [SpringContextShutdownHook] o.s.s.concurrent.ThreadPoolTaskExecutor  : Shutting down ExecutorService 'applicationTaskExecutor'
2021-04-23 10:57:55.075  INFO 12368 --- [main] o.OpticalConstantsApplication            : Starting OpticalConstantsApplication using Java 12.0.1 on DESKTOP-ESS7M2O with PID 12368 (D:\IdeaProject\OpticalConstants\target\classes started by andri in D:\IdeaProject\OpticalConstants)
2021-04-23 10:57:55.086 DEBUG 12368 --- [main] o.OpticalConstantsApplication            : Running with Spring Boot v2.4.4, Spring v5.3.5
2021-04-23 10:57:55.088  INFO 12368 --- [main] o.OpticalConstantsApplication            : No active profile set, falling back to default profiles: default
2021-04-23 10:57:58.863  INFO 12368 --- [main] o.s.b.w.embedded.tomcat.TomcatWebServer  : Tomcat initialized with port(s): 8080 (http)
2021-04-23 10:57:58.885  INFO 12368 --- [main] o.apache.catalina.core.StandardService   : Starting service [Tomcat]
2021-04-23 10:57:58.887  INFO 12368 --- [main] org.apache.catalina.core.StandardEngine  : Starting Servlet engine: [Apache Tomcat/9.0.44]
2021-04-23 10:57:59.156  INFO 12368 --- [main] o.a.c.c.C.[Tomcat].[localhost].[/]       : Initializing Spring embedded WebApplicationContext
2021-04-23 10:57:59.157  INFO 12368 --- [main] w.s.c.ServletWebServerApplicationContext : Root WebApplicationContext: initialization completed in 3814 ms
2021-04-23 10:57:59.766  INFO 12368 --- [main] o.s.s.concurrent.ThreadPoolTaskExecutor  : Initializing ExecutorService 'applicationTaskExecutor'
2021-04-23 10:57:59.953 DEBUG 12368 --- [main] _.s.web.servlet.HandlerMapping.Mappings  : 
	o.c.CalculationController:
	{POST [/calculate]}: calculate(CalculationInput)
2021-04-23 10:57:59.965 DEBUG 12368 --- [main] _.s.web.servlet.HandlerMapping.Mappings  : 
	o.s.b.a.w.s.e.BasicErrorController:
	{ [/error]}: error(HttpServletRequest)
	{ [/error], produces [text/html]}: errorHtml(HttpServletRequest,HttpServletResponse)
2021-04-23 10:58:00.008  INFO 12368 --- [main] o.s.b.a.w.s.WelcomePageHandlerMapping    : Adding welcome page: class path resource [static/index.html]
2021-04-23 10:58:00.072 DEBUG 12368 --- [main] _.s.web.servlet.HandlerMapping.Mappings  : 'beanNameHandlerMapping' {}
2021-04-23 10:58:00.122 DEBUG 12368 --- [main] _.s.web.servlet.HandlerMapping.Mappings  : 'resourceHandlerMapping' {/webjars/**=ResourceHttpRequestHandler [Classpath [META-INF/resources/webjars/]], /**=ResourceHttpRequestHandler [Classpath [META-INF/resources/], Classpath [resources/], Classpath [static/], Classpath [public/], ServletContext [/]]}
2021-04-23 10:58:00.405  INFO 12368 --- [main] o.s.b.w.embedded.tomcat.TomcatWebServer  : Tomcat started on port(s): 8080 (http) with context path ''
2021-04-23 10:58:00.448  INFO 12368 --- [main] o.OpticalConstantsApplication            : Started OpticalConstantsApplication in 6.815 seconds (JVM running for 9.055)
2021-04-23 10:58:06.383  INFO 12368 --- [http-nio-8080-exec-1] o.a.c.c.C.[Tomcat].[localhost].[/]       : Initializing Spring DispatcherServlet 'dispatcherServlet'
2021-04-23 10:58:06.384  INFO 12368 --- [http-nio-8080-exec-1] o.s.web.servlet.DispatcherServlet        : Initializing Servlet 'dispatcherServlet'
2021-04-23 10:58:06.387  INFO 12368 --- [http-nio-8080-exec-1] o.s.web.servlet.DispatcherServlet        : Completed initialization in 2 ms
